Enabled checks:
    readability-avoid-const-params-in-decls
    readability-braces-around-statements
    readability-container-size-empty
    readability-delete-null-pointer
    readability-deleted-default
    readability-else-after-return
    readability-function-size
    readability-identifier-naming
    readability-inconsistent-declaration-parameter-name
    readability-misleading-indentation
    readability-misplaced-array-index
    readability-named-parameter
    readability-non-const-parameter
    readability-redundant-control-flow
    readability-redundant-declaration
    readability-redundant-function-ptr-dereference
    readability-redundant-member-init
    readability-redundant-smartptr-get
    readability-redundant-string-cstr
    readability-redundant-string-init
    readability-simplify-boolean-expr
    readability-static-accessed-through-instance
    readability-static-definition-in-anonymous-namespace
    readability-uniqueptr-delete-release

1884 warnings generated.
Suppressed 1884 warnings (1884 in non-user code).
Use -header-filter=.* to display errors from all non-system headers. Use -system-headers to display errors from system headers as well.
10254 warnings generated.
Suppressed 10254 warnings (10254 in non-user code).
Use -header-filter=.* to display errors from all non-system headers. Use -system-headers to display errors from system headers as well.
30281 warnings generated.
/home/adrianna/repos/carta-backend/Frame.cc:150:62: warning: statement should be inside braces [readability-braces-around-statements]
    if (name == "cursor" && type == CARTA::RegionType::POINT)
                                                             ^
                                                              {
/home/adrianna/repos/carta-backend/Frame.cc:159:73: warning: statement should be inside braces [readability-braces-around-statements]
    if ((region_id != IMAGE_REGION_ID) && (region_id != CUBE_REGION_ID))
                                                                        ^
                                                                         {
/home/adrianna/repos/carta-backend/Frame.cc:237:45: warning: statement should be inside braces [readability-braces-around-statements]
    if ((req_height < 0) || (req_width < 0))
                                            ^
                                             {
/home/adrianna/repos/carta-backend/Frame.cc:239:89: warning: statement should be inside braces [readability-braces-around-statements]
    if ((_image_shape(1) < y_min + req_height) || (_image_shape(0) < x_min + req_width))
                                                                                        ^
                                                                                         {
/home/adrianna/repos/carta-backend/Frame.cc:241:22: warning: statement should be inside braces [readability-braces-around-statements]
    if (new_mip <= 0)
                     ^
                      {
/home/adrianna/repos/carta-backend/Frame.cc:250:60: warning: statement should be inside braces [readability-braces-around-statements]
        (current_view_settings.num_subsets == num_subsets))
                                                           ^
                                                            {
/home/adrianna/repos/carta-backend/Frame.cc:391:71: warning: statement should be inside braces [readability-braces-around-statements]
    if ((region_id == CUBE_REGION_ID) && (!_regions.count(region_id)))
                                                                      ^
                                                                       {
/home/adrianna/repos/carta-backend/Frame.cc:519:45: warning: statement should be inside braces [readability-braces-around-statements]
    if ((req_height < 0) || (req_width < 0))
                                            ^
                                             {
/home/adrianna/repos/carta-backend/Frame.cc:521:77: warning: statement should be inside braces [readability-braces-around-statements]
    if (_image_shape(1) < y + req_height || _image_shape(0) < x + req_width)
                                                                            ^
                                                                             {
/home/adrianna/repos/carta-backend/Frame.cc:524:18: warning: statement should be inside braces [readability-braces-around-statements]
    if (mip <= 0)
                 ^
                  {
/home/adrianna/repos/carta-backend/Frame.cc:589:33: warning: statement should be inside braces [readability-braces-around-statements]
        if (num_histograms == 0)
                                ^
                                 {
/home/adrianna/repos/carta-backend/Frame.cc:600:75: warning: statement should be inside braces [readability-braces-around-statements]
            if (check_current_chan && (config_channel != CURRENT_CHANNEL))
                                                                          ^
                                                                           {
/home/adrianna/repos/carta-backend/Frame.cc:662:54: warning: statement should be inside braces [readability-braces-around-statements]
        if (!region->IsValid() || !region->IsPoint())
                                                     ^
                                                      {
/home/adrianna/repos/carta-backend/Frame.cc:665:31: warning: statement should be inside braces [readability-braces-around-statements]
        if (num_profiles == 0)
                              ^
                               {
/home/adrianna/repos/carta-backend/Frame.cc:693:84: warning: statement should be inside braces [readability-braces-around-statements]
                if (check_current_stokes && (axis_stokes.second != CURRENT_STOKES))
                                                                                   ^
                                                                                    {
/home/adrianna/repos/carta-backend/Frame.cc:789:54: warning: statement should be inside braces [readability-braces-around-statements]
                if (profile_stokes == CURRENT_STOKES)
                                                     ^
                                                      {
/home/adrianna/repos/carta-backend/Frame.cc:834:32: warning: statement should be inside braces [readability-braces-around-statements]
        if (!region->IsValid())
                               ^
                                {
/home/adrianna/repos/carta-backend/Frame.cc:836:37: warning: statement should be inside braces [readability-braces-around-statements]
        if (region->NumStats() == 0)
                                    ^
                                     {
/home/adrianna/repos/carta-backend/Frame.cc:861:17: warning: the 'empty' method should be used to check for emptiness instead of 'size' [readability-container-size-empty]
            if (region_shape.size() > 0) {
                ^~~~~~~~~~~~~~~~~~~~~~~~
                !region_shape.empty()
/usr/local/include/casacore/casa/Arrays/IPosition.h:300:10: note: method 'IPosition'::empty() defined here
    Bool empty() const;
         ^
/home/adrianna/repos/carta-backend/Frame.cc:980:69: warning: statement should be inside braces [readability-braces-around-statements]
    if (!_regions.count(region_id) && (region_id == CUBE_REGION_ID))
                                                                    ^
                                                                     {
/home/adrianna/repos/carta-backend/Frame.cc:991:69: warning: statement should be inside braces [readability-braces-around-statements]
    if (!_regions.count(region_id) && (region_id == CUBE_REGION_ID))
                                                                    ^
                                                                     {
Suppressed 30261 warnings (30260 in non-user code, 1 NOLINT).
Use -header-filter=.* to display errors from all non-system headers. Use -system-headers to display errors from system headers as well.
22592 warnings generated.
/home/adrianna/repos/carta-backend/ImageData/FileLoader.cc:53:77: warning: statement should be inside braces [readability-braces-around-statements]
                    if (axis_name == "Frequency" || axis_name == "Velocity")
                                                                            ^
                                                                             {
/home/adrianna/repos/carta-backend/ImageData/FileLoader.cc:61:24: warning: statement should be inside braces [readability-braces-around-statements]
        if (coord >= 0)
                       ^
                        {
/home/adrianna/repos/carta-backend/ImageData/FileLoader.cc:70:38: warning: statement should be inside braces [readability-braces-around-statements]
                if (stokes_axis == 2)
                                     ^
                                      {
/home/adrianna/repos/carta-backend/ImageData/FileLoader.cc:72:21: warning: statement should be inside braces [readability-braces-around-statements]
                else
                    ^
                     {
/home/adrianna/repos/carta-backend/ImageData/FileLoader.cc:77:36: warning: statement should be inside braces [readability-braces-around-statements]
            if (spectral_axis == 2)
                                   ^
                                    {
/home/adrianna/repos/carta-backend/ImageData/FileLoader.cc:79:17: warning: statement should be inside braces [readability-braces-around-statements]
            else
                ^
                 {
/home/adrianna/repos/carta-backend/ImageData/FileLoader.cc:86:41: warning: statement should be inside braces [readability-braces-around-statements]
    if (!HasData(FileInfo::Data::Image))
                                        ^
                                         {
/home/adrianna/repos/carta-backend/ImageData/FileLoader.cc:127:32: warning: the 'empty' method should be used to check for emptiness instead of 'size' [readability-container-size-empty]
        if ((_num_dims == 2 && stat_dims.size() == 0) || (_num_dims == 3 && stat_dims.isEqual(IPos(1, _num_channels))) ||
                               ^~~~~~~~~~~~~~~~~~~~~~
                               stat_dims.empty()
/usr/local/include/casacore/casa/Arrays/IPosition.h:300:10: note: method 'IPosition'::empty() defined here
    Bool empty() const;
         ^
/home/adrianna/repos/carta-backend/ImageData/FileLoader.cc:248:32: warning: the 'empty' method should be used to check for emptiness instead of 'size' [readability-container-size-empty]
        if ((_num_dims == 3 && stat_dims.size() == 0) || (_num_dims == 4 && stat_dims.isEqual(IPos(1, _num_stokes)))) {
                               ^~~~~~~~~~~~~~~~~~~~~~
                               stat_dims.empty()
/usr/local/include/casacore/casa/Arrays/IPosition.h:300:10: note: method 'IPosition'::empty() defined here
    Bool empty() const;
         ^
Suppressed 22584 warnings (22583 in non-user code, 1 NOLINT).
Use -header-filter=.* to display errors from all non-system headers. Use -system-headers to display errors from system headers as well.
34827 warnings generated.
/home/adrianna/repos/carta-backend/Main.cc:248:39: warning: the 'empty' method should be used to check for emptiness instead of 'size' [readability-container-size-empty]
            bool has_exit_after_arg = inp.getString("exit_after").size();
                                      ^~~~~~~~~~~~~~~~~~~~~~~~~~~~~~~~~~~
                                      !inp.getString("exit_after").empty()
/usr/local/include/casacore/casa/BasicSL/String.h:375:8: note: method 'String'::empty() defined here
  Bool empty() const { return string::empty(); }
       ^
Suppressed 34827 warnings (34826 in non-user code, 1 NOLINT).
Use -header-filter=.* to display errors from all non-system headers. Use -system-headers to display errors from system headers as well.
35237 warnings generated.
/home/adrianna/repos/carta-backend/Session.cc:25:14: warning: invalid case style for variable '_num_sessions' [readability-identifier-naming]
int Session::_num_sessions = 0;
             ^~~~~~~~~~~~~
             num_sessions
/home/adrianna/repos/carta-backend/Session.cc:26:14: warning: invalid case style for variable '_exit_after_num_seconds' [readability-identifier-naming]
int Session::_exit_after_num_seconds = 5;
             ^~~~~~~~~~~~~~~~~~~~~~~
             exit_after_num_seconds
/home/adrianna/repos/carta-backend/Session.cc:27:15: warning: invalid case style for variable '_exit_when_all_sessions_closed' [readability-identifier-naming]
bool Session::_exit_when_all_sessions_closed = false;
              ^~~~~~~~~~~~~~~~~~~~~~~~~~~~~~
              exit_when_all_sessions_closed
/home/adrianna/repos/carta-backend/Session.cc:52:12: warning: invalid case style for variable '__exit_backend_timer' [readability-identifier-naming]
static int __exit_backend_timer = 0;
           ^~~~~~~~~~~~~~~~~~~~
           exit_backend_timer
/home/adrianna/repos/carta-backend/Session.cc:105:27: warning: statement should be inside braces [readability-braces-around-statements]
    if (_animation_object)
                          ^
                           {
/home/adrianna/repos/carta-backend/Session.cc:129:33: warning: statement should be inside braces [readability-braces-around-statements]
                if (hdu.empty()) // use first when required
                                ^
                                 {
/home/adrianna/repos/carta-backend/Session.cc:247:25: warning: statement should be inside braces [readability-braces-around-statements]
        if (hdu.empty()) // use first
                        ^
                         {
/home/adrianna/repos/carta-backend/Session.cc:341:42: warning: statement should be inside braces [readability-braces-around-statements]
                if (!err_message.empty())
                                         ^
                                          {
/home/adrianna/repos/carta-backend/Session.cc:394:36: warning: statement should be inside braces [readability-braces-around-statements]
                if (region_id == 0)
                                   ^
                                    {
/home/adrianna/repos/carta-backend/Session.cc:425:26: warning: statement should be inside braces [readability-braces-around-statements]
        if (frame.second)
                         ^
                          {
/home/adrianna/repos/carta-backend/Session.cc:564:15: warning: do not use 'else' after 'return' [readability-else-after-return]
            } else {
              ^~~~~~
/home/adrianna/repos/carta-backend/Session.cc:592:123: warning: statement should be inside braces [readability-braces-around-statements]
                        if (!_frames.at(file_id)->GetRegionMinMax(IMAGE_REGION_ID, channel_num, stokes, min_val, max_val))
                                                                                                                          ^
                                                                                                                           {
/home/adrianna/repos/carta-backend/Session.cc:609:118: warning: statement should be inside braces [readability-braces-around-statements]
                        if (!_frames.at(file_id)->GetRegionMinMax(IMAGE_REGION_ID, chan, stokes, chan_min, chan_max))
                                                                                                                     ^
                                                                                                                      {
/home/adrianna/repos/carta-backend/Session.cc:615:75: warning: statement should be inside braces [readability-braces-around-statements]
                        if (_histo_context.is_group_execution_cancelled())
                                                                          ^
                                                                           {
/home/adrianna/repos/carta-backend/Session.cc:632:72: warning: statement should be inside braces [readability-braces-around-statements]
                    if (!_histo_context.is_group_execution_cancelled())
                                                                       ^
                                                                        {
/home/adrianna/repos/carta-backend/Session.cc:656:80: warning: statement should be inside braces [readability-braces-around-statements]
                            if (!_histo_context.is_group_execution_cancelled())
                                                                               ^
                                                                                {
/home/adrianna/repos/carta-backend/Session.cc:873:32: warning: statement should be inside braces [readability-braces-around-statements]
    if (_frames.count(file_id))
                               ^
                                {
/home/adrianna/repos/carta-backend/Session.cc:894:70: warning: statement should be inside braces [readability-braces-around-statements]
    if ((severity > CARTA::ErrorSeverity::DEBUG) || _verbose_logging)
                                                                     ^
                                                                      {
/home/adrianna/repos/carta-backend/Session.cc:927:15: warning: invalid case style for function 'ExecuteAnimationFrame_inner' [readability-identifier-naming]
void Session::ExecuteAnimationFrame_inner(bool stopped) {
              ^~~~~~~~~~~~~~~~~~~~~~~~~~~~
              ExecuteAnimationFrameInner
/home/adrianna/repos/carta-backend/Session.cc:935:11: warning: do not use 'else' after 'return' [readability-else-after-return]
        } else {
          ^~~~~~
/home/adrianna/repos/carta-backend/Session.cc:938:11: warning: statement should be inside braces [readability-braces-around-statements]
    } else
          ^
           {
/home/adrianna/repos/carta-backend/Session.cc:947:82: warning: statement should be inside braces [readability-braces-around-statements]
            if ((_animation_object->_tbb_context).is_group_execution_cancelled())
                                                                                 ^
                                                                                  {
/home/adrianna/repos/carta-backend/Session.cc:960:42: warning: statement should be inside braces [readability-braces-around-statements]
                if (!err_message.empty())
                                         ^
                                          {
/home/adrianna/repos/carta-backend/Session.cc:972:5: warning: redundant return statement at the end of a function with a void return type [readability-redundant-control-flow]
    return;
    ^~~~~~~
/home/adrianna/repos/carta-backend/Session.cc:979:40: warning: statement should be inside braces [readability-braces-around-statements]
    if (!_animation_object->_file_open)
                                       ^
                                        {
/home/adrianna/repos/carta-backend/Session.cc:982:48: warning: statement should be inside braces [readability-braces-around-statements]
    if (_animation_object->_waiting_flow_event)
                                               ^
                                                {
/home/adrianna/repos/carta-backend/Session.cc:1098:28: warning: statement should be inside braces [readability-braces-around-statements]
    if (!_animation_object)
                           ^
                            {
/home/adrianna/repos/carta-backend/Session.cc:1104:15: warning: invalid case style for function 'cancelExistingAnimation' [readability-identifier-naming]
void Session::cancelExistingAnimation() {
              ^~~~~~~~~~~~~~~~~~~~~~~~
              CancelExistingAnimation
Suppressed 35210 warnings (35209 in non-user code, 1 NOLINT).
Use -header-filter=.* to display errors from all non-system headers. Use -system-headers to display errors from system headers as well.
22556 warnings generated.
/home/adrianna/repos/carta-backend/ImageData/CartaHdf5Image.cc:140:59: warning: statement should be inside braces [readability-braces-around-statements]
        if (mask_cursor_data.shape() != mask_cursor_shape)
                                                          ^
                                                           {
/home/adrianna/repos/carta-backend/ImageData/CartaHdf5Image.cc:162:36: warning: statement should be inside braces [readability-braces-around-statements]
        if (fits_kw_list.isempty())
                                   ^
                                    {
/home/adrianna/repos/carta-backend/ImageData/CartaHdf5Image.cc:250:76: warning: redundant boolean literal in ternary expression result [readability-simplify-boolean-expr]
                    header_record.define(entry_name, (entry_value == "T" ? true : false)); // bool
                                                      ~~~~~~~~~~~~~~~~~~~~~^~~~~~~~~~~~~
                                                      entry_value == "T"
/home/adrianna/repos/carta-backend/ImageData/CartaHdf5Image.cc:281:71: warning: redundant boolean literal in ternary expression result [readability-simplify-boolean-expr]
                    bool val = (header_entry.numeric_value() == 0.0 ? false : true);
                                ~~~~~~~~~~~~~~~~~~~~~~~~~~~~~~~~~~~~~~^~~~~~~~~~~~~
                                header_entry.numeric_value() != 0.0
Suppressed 22553 warnings (22552 in non-user code, 1 NOLINT).
Use -header-filter=.* to display errors from all non-system headers. Use -system-headers to display errors from system headers as well.
26275 warnings generated.
/home/adrianna/repos/carta-backend/FileInfoLoader.cc:90:41: warning: statement should be inside braces [readability-braces-around-statements]
            for (auto group_name : hdus)
                                        ^
                                         {
/home/adrianna/repos/carta-backend/FileInfoLoader.cc:100:56: warning: statement should be inside braces [readability-braces-around-statements]
                for (int hdu = 0; hdu < num_hdu; ++hdu)
                                                       ^
                                                        {
/home/adrianna/repos/carta-backend/FileInfoLoader.cc:253:60: warning: statement should be inside braces [readability-braces-around-statements]
        if (!coord_type_x.empty() && !coord_type_y.empty())
                                                           ^
                                                            {
/home/adrianna/repos/carta-backend/FileInfoLoader.cc:255:48: warning: statement should be inside braces [readability-braces-around-statements]
        if (!crpix1.empty() && !crpix2.empty())
                                               ^
                                                {
/home/adrianna/repos/carta-backend/FileInfoLoader.cc:257:47: warning: statement should be inside braces [readability-braces-around-statements]
        if (!(crval1 == 0.0 && crval2 == 0.0))
                                              ^
                                               {
/home/adrianna/repos/carta-backend/FileInfoLoader.cc:262:47: warning: statement should be inside braces [readability-braces-around-statements]
        if (!(cdelt1 == 0.0 && cdelt2 == 0.0))
                                              ^
                                               {
/home/adrianna/repos/carta-backend/FileInfoLoader.cc:264:57: warning: statement should be inside braces [readability-braces-around-statements]
        if (!(bmaj == 0.0 && bmin == 0.0 && bpa == 0.0))
                                                        ^
                                                         {
/home/adrianna/repos/carta-backend/FileInfoLoader.cc:346:63: warning: statement should be inside braces [readability-braces-around-statements]
            if (message.find("diagonal") != std::string::npos) // "ArrayBase::diagonal() - diagonal out of range"
                                                              ^
                                                               {
/home/adrianna/repos/carta-backend/FileInfoLoader.cc:348:90: warning: statement should be inside braces [readability-braces-around-statements]
            else if (message.find("No image at specified location") != std::string::npos)
                                                                                         ^
                                                                                          {
/home/adrianna/repos/carta-backend/FileInfoLoader.cc:399:62: warning: statement should be inside braces [readability-braces-around-statements]
                        if (header_entry->name() == "CTYPE1")
                                                             ^
                                                              {
/home/adrianna/repos/carta-backend/FileInfoLoader.cc:401:67: warning: statement should be inside braces [readability-braces-around-statements]
                        else if (header_entry->name() == "CTYPE2")
                                                                  ^
                                                                   {
/home/adrianna/repos/carta-backend/FileInfoLoader.cc:403:67: warning: statement should be inside braces [readability-braces-around-statements]
                        else if (header_entry->name() == "CTYPE3")
                                                                  ^
                                                                   {
/home/adrianna/repos/carta-backend/FileInfoLoader.cc:405:67: warning: statement should be inside braces [readability-braces-around-statements]
                        else if (header_entry->name() == "CTYPE4")
                                                                  ^
                                                                   {
/home/adrianna/repos/carta-backend/FileInfoLoader.cc:407:68: warning: statement should be inside braces [readability-braces-around-statements]
                        else if (header_entry->name() == "RADESYS")
                                                                   ^
                                                                    {
/home/adrianna/repos/carta-backend/FileInfoLoader.cc:409:68: warning: statement should be inside braces [readability-braces-around-statements]
                        else if (header_entry->name() == "SPECSYS")
                                                                   ^
                                                                    {
/home/adrianna/repos/carta-backend/FileInfoLoader.cc:411:66: warning: statement should be inside braces [readability-braces-around-statements]
                        else if (header_entry->name() == "BUNIT")
                                                                 ^
                                                                  {
/home/adrianna/repos/carta-backend/FileInfoLoader.cc:413:67: warning: statement should be inside braces [readability-braces-around-statements]
                        else if (header_entry->name() == "CUNIT1")
                                                                  ^
                                                                   {
/home/adrianna/repos/carta-backend/FileInfoLoader.cc:415:67: warning: statement should be inside braces [readability-braces-around-statements]
                        else if (header_entry->name() == "CUNIT2")
                                                                  ^
                                                                   {
/home/adrianna/repos/carta-backend/FileInfoLoader.cc:421:67: warning: statement should be inside braces [readability-braces-around-statements]
                        if ((name == "NAXIS") && (value_int == 0))
                                                                  ^
                                                                   {
/home/adrianna/repos/carta-backend/FileInfoLoader.cc:434:63: warning: statement should be inside braces [readability-braces-around-statements]
                        if (header_entry->name() == "EQUINOX")
                                                              ^
                                                               {
/home/adrianna/repos/carta-backend/FileInfoLoader.cc:436:67: warning: statement should be inside braces [readability-braces-around-statements]
                        else if (header_entry->name() == "CRVAL1")
                                                                  ^
                                                                   {
/home/adrianna/repos/carta-backend/FileInfoLoader.cc:438:67: warning: statement should be inside braces [readability-braces-around-statements]
                        else if (header_entry->name() == "CRVAL2")
                                                                  ^
                                                                   {
/home/adrianna/repos/carta-backend/FileInfoLoader.cc:440:67: warning: statement should be inside braces [readability-braces-around-statements]
                        else if (header_entry->name() == "CRPIX1")
                                                                  ^
                                                                   {
/home/adrianna/repos/carta-backend/FileInfoLoader.cc:442:67: warning: statement should be inside braces [readability-braces-around-statements]
                        else if (header_entry->name() == "CRPIX2")
                                                                  ^
                                                                   {
/home/adrianna/repos/carta-backend/FileInfoLoader.cc:444:67: warning: statement should be inside braces [readability-braces-around-statements]
                        else if (header_entry->name() == "CDELT1")
                                                                  ^
                                                                   {
/home/adrianna/repos/carta-backend/FileInfoLoader.cc:446:67: warning: statement should be inside braces [readability-braces-around-statements]
                        else if (header_entry->name() == "CDELT2")
                                                                  ^
                                                                   {
/home/adrianna/repos/carta-backend/FileInfoLoader.cc:448:65: warning: statement should be inside braces [readability-braces-around-statements]
                        else if (header_entry->name() == "BMAJ")
                                                                ^
                                                                 {
/home/adrianna/repos/carta-backend/FileInfoLoader.cc:450:65: warning: statement should be inside braces [readability-braces-around-statements]
                        else if (header_entry->name() == "BMIN")
                                                                ^
                                                                 {
/home/adrianna/repos/carta-backend/FileInfoLoader.cc:452:64: warning: statement should be inside braces [readability-braces-around-statements]
                        else if (header_entry->name() == "BPA")
                                                               ^
                                                                {
/home/adrianna/repos/carta-backend/FileInfoLoader.cc:469:60: warning: statement should be inside braces [readability-braces-around-statements]
        if (!coord_type_x.empty() && !coord_type_y.empty())
                                                           ^
                                                            {
/home/adrianna/repos/carta-backend/FileInfoLoader.cc:471:48: warning: statement should be inside braces [readability-braces-around-statements]
        if (!crpix1.empty() && !crpix2.empty())
                                               ^
                                                {
/home/adrianna/repos/carta-backend/FileInfoLoader.cc:473:44: warning: statement should be inside braces [readability-braces-around-statements]
        if (crval1 != 0.0 && crval2 != 0.0)
                                           ^
                                            {
/home/adrianna/repos/carta-backend/FileInfoLoader.cc:478:47: warning: statement should be inside braces [readability-braces-around-statements]
        if (!(cdelt1 == 0.0 && cdelt2 == 0.0))
                                              ^
                                               {
/home/adrianna/repos/carta-backend/FileInfoLoader.cc:480:57: warning: statement should be inside braces [readability-braces-around-statements]
        if (!(bmaj == 0.0 && bmin == 0.0 && bpa == 0.0))
                                                        ^
                                                         {
/home/adrianna/repos/carta-backend/FileInfoLoader.cc:662:31: warning: statement should be inside braces [readability-braces-around-statements]
            if (suffix == "1")
                              ^
                               {
/home/adrianna/repos/carta-backend/FileInfoLoader.cc:664:36: warning: statement should be inside braces [readability-braces-around-statements]
            else if (suffix == "2")
                                   ^
                                    {
/home/adrianna/repos/carta-backend/FileInfoLoader.cc:666:36: warning: statement should be inside braces [readability-braces-around-statements]
            else if (suffix == "3")
                                   ^
                                    {
/home/adrianna/repos/carta-backend/FileInfoLoader.cc:668:36: warning: statement should be inside braces [readability-braces-around-statements]
            else if (suffix == "4")
                                   ^
                                    {
/home/adrianna/repos/carta-backend/FileInfoLoader.cc:900:38: warning: statement should be inside braces [readability-braces-around-statements]
                if (stokes_axis == 2)
                                     ^
                                      {
/home/adrianna/repos/carta-backend/FileInfoLoader.cc:902:21: warning: statement should be inside braces [readability-braces-around-statements]
                else
                    ^
                     {
/home/adrianna/repos/carta-backend/FileInfoLoader.cc:908:32: warning: statement should be inside braces [readability-braces-around-statements]
            if (chan_axis == 2)
                               ^
                                {
/home/adrianna/repos/carta-backend/FileInfoLoader.cc:910:17: warning: statement should be inside braces [readability-braces-around-statements]
            else
                ^
                 {
/home/adrianna/repos/carta-backend/FileInfoLoader.cc:937:28: warning: statement should be inside braces [readability-braces-around-statements]
        if (chan_axis >= 0)
                           ^
                            {
/home/adrianna/repos/carta-backend/FileInfoLoader.cc:939:13: warning: statement should be inside braces [readability-braces-around-statements]
        else
            ^
             {
/home/adrianna/repos/carta-backend/FileInfoLoader.cc:951:30: warning: statement should be inside braces [readability-braces-around-statements]
        if (stokes_axis >= 0)
                             ^
                              {
/home/adrianna/repos/carta-backend/FileInfoLoader.cc:953:13: warning: statement should be inside braces [readability-braces-around-statements]
        else
            ^
             {
/home/adrianna/repos/carta-backend/FileInfoLoader.cc:998:29: warning: statement should be inside braces [readability-braces-around-statements]
    if (c_type1 == "STOKES")
                            ^
                             {
/home/adrianna/repos/carta-backend/FileInfoLoader.cc:1000:34: warning: statement should be inside braces [readability-braces-around-statements]
    else if (c_type2 == "STOKES")
                                 ^
                                  {
/home/adrianna/repos/carta-backend/FileInfoLoader.cc:1002:34: warning: statement should be inside braces [readability-braces-around-statements]
    else if (c_type3 == "STOKES")
                                 ^
                                  {
/home/adrianna/repos/carta-backend/FileInfoLoader.cc:1004:34: warning: statement should be inside braces [readability-braces-around-statements]
    else if (c_type4 == "STOKES")
                                 ^
                                  {
/home/adrianna/repos/carta-backend/FileInfoLoader.cc:1006:9: warning: statement should be inside braces [readability-braces-around-statements]
    else
        ^
         {
/home/adrianna/repos/carta-backend/FileInfoLoader.cc:1057:67: warning: statement should be inside braces [readability-braces-around-statements]
        if ((rade_sys.compare("FK4") == 0) && (equinox[0] != 'B'))
                                                                  ^
                                                                   {
/home/adrianna/repos/carta-backend/FileInfoLoader.cc:1059:72: warning: statement should be inside braces [readability-braces-around-statements]
        else if ((rade_sys.compare("FK5") == 0) && (equinox[0] != 'J'))
                                                                       ^
                                                                        {
/home/adrianna/repos/carta-backend/FileInfoLoader.cc:1062:47: warning: statement should be inside braces [readability-braces-around-statements]
    if (!rade_sys.empty() && !equinox.empty())
                                              ^
                                               {
/home/adrianna/repos/carta-backend/FileInfoLoader.cc:1093:23: warning: statement should be inside braces [readability-braces-around-statements]
            if (is_ra)
                      ^
                       {
/home/adrianna/repos/carta-backend/FileInfoLoader.cc:1148:7: warning: do not use 'else' after 'return' [readability-else-after-return]
    } else if (std::regex_match(unit, std::regex("deg", std::regex::icase))) {
      ^~~~~~~~
/home/adrianna/repos/carta-backend/FileInfoLoader.cc:1172:7: warning: do not use 'else' after 'return' [readability-else-after-return]
    } else if (arcs < 60.0 && arcs > 0.1) { // 0.1 < arcs < 60
      ^~~~~~~~
/home/adrianna/repos/carta-backend/FileInfoLoader.cc:1185:7: warning: do not use 'else' after 'return' [readability-else-after-return]
    } else if (hz < 1.0e9 && hz >= 1.0e6) {
      ^~~~~~~~
/home/adrianna/repos/carta-backend/FileInfoLoader.h:51:17: warning: function 'FileInfoLoader::GetStringAttribute' has a definition with different parameter names [readability-inconsistent-declaration-parameter-name]
    std::string GetStringAttribute(casacore::Record& rec, std::string field);
                ^                                    ~~~~
                                                     record
/home/adrianna/repos/carta-backend/FileInfoLoader.cc:277:29: note: the definition seen here
std::string FileInfoLoader::GetStringAttribute(casacore::Record& record, std::string field) {
                            ^
/home/adrianna/repos/carta-backend/FileInfoLoader.h:51:17: note: differing parameters are named here: ('rec'), in definition: ('record')
    std::string GetStringAttribute(casacore::Record& rec, std::string field);
                ^
/home/adrianna/repos/carta-backend/FileInfoLoader.h:52:12: warning: function 'FileInfoLoader::GetDoubleAttribute' has a definition with different parameter names [readability-inconsistent-declaration-parameter-name]
    double GetDoubleAttribute(casacore::Record& rec, std::string field);
           ^                                    ~~~~
                                                record
/home/adrianna/repos/carta-backend/FileInfoLoader.cc:298:24: note: the definition seen here
double FileInfoLoader::GetDoubleAttribute(casacore::Record& record, std::string field) {
                       ^
/home/adrianna/repos/carta-backend/FileInfoLoader.h:52:12: note: differing parameters are named here: ('rec'), in definition: ('record')
    double GetDoubleAttribute(casacore::Record& rec, std::string field);
           ^
Suppressed 26216 warnings (26215 in non-user code, 1 NOLINT).
Use -header-filter=.* to display errors from all non-system headers. Use -system-headers to display errors from system headers as well.
10259 warnings generated.
/home/adrianna/repos/carta-backend/Region/RegionProfiler.cc:14:51: warning: statement should be inside braces [readability-braces-around-statements]
        if (profile.empty() || profile.size() > 2) // ignore invalid profile string
                                                  ^
                                                   {
/home/adrianna/repos/carta-backend/Region/RegionProfiler.cc:18:64: warning: statement should be inside braces [readability-braces-around-statements]
        if ((axis_stokes.first < 0) || (axis_stokes.first > 1)) // invalid axis
                                                               ^
                                                                {
/home/adrianna/repos/carta-backend/Region/RegionProfiler.cc:20:51: warning: statement should be inside braces [readability-braces-around-statements]
        if (axis_stokes.second > (num_stokes - 1)) // invalid stokes
                                                  ^
                                                   {
/home/adrianna/repos/carta-backend/Region/RegionProfiler.cc:33:26: warning: statement should be inside braces [readability-braces-around-statements]
    if (axis_char == 'x')
                         ^
                          {
/home/adrianna/repos/carta-backend/Region/RegionProfiler.cc:35:31: warning: statement should be inside braces [readability-braces-around-statements]
    else if (axis_char == 'y')
                              ^
                               {
/home/adrianna/repos/carta-backend/Region/RegionProfiler.cc:37:31: warning: statement should be inside braces [readability-braces-around-statements]
    else if (axis_char == 'z')
                              ^
                               {
/home/adrianna/repos/carta-backend/Region/RegionProfiler.cc:42:32: warning: statement should be inside braces [readability-braces-around-statements]
        if (stokes_char == 'I')
                               ^
                                {
/home/adrianna/repos/carta-backend/Region/RegionProfiler.cc:44:37: warning: statement should be inside braces [readability-braces-around-statements]
        else if (stokes_char == 'Q')
                                    ^
                                     {
/home/adrianna/repos/carta-backend/Region/RegionProfiler.cc:46:37: warning: statement should be inside braces [readability-braces-around-statements]
        else if (stokes_char == 'U')
                                    ^
                                     {
/home/adrianna/repos/carta-backend/Region/RegionProfiler.cc:48:37: warning: statement should be inside braces [readability-braces-around-statements]
        else if (stokes_char == 'V')
                                    ^
                                     {
/home/adrianna/repos/carta-backend/Region/RegionProfiler.cc:59:47: warning: statement should be inside braces [readability-braces-around-statements]
    if (profile_index < _profile_pairs.size())
                                              ^
                                               {
/home/adrianna/repos/carta-backend/Region/RegionProfiler.cc:61:5: warning: do not use 'else' after 'return' [readability-else-after-return]
    else
    ^~~~
/home/adrianna/repos/carta-backend/Region/RegionProfiler.cc:61:9: warning: statement should be inside braces [readability-braces-around-statements]
    else
        ^
         {
/home/adrianna/repos/carta-backend/Region/RegionProfiler.cc:66:50: warning: statement should be inside braces [readability-braces-around-statements]
    if (profile_index < _spatial_profiles.size())
                                                 ^
                                                  {
/home/adrianna/repos/carta-backend/Region/RegionProfiler.cc:68:5: warning: do not use 'else' after 'return' [readability-else-after-return]
    else
    ^~~~
/home/adrianna/repos/carta-backend/Region/RegionProfiler.cc:68:9: warning: statement should be inside braces [readability-braces-around-statements]
    else
        ^
         {
/home/adrianna/repos/carta-backend/Region/RegionProfiler.cc:81:57: warning: statement should be inside braces [readability-braces-around-statements]
        if (coordinate.empty() || coordinate.size() > 2) // ignore invalid profile string
                                                        ^
                                                         {
/home/adrianna/repos/carta-backend/Region/RegionProfiler.cc:84:36: warning: statement should be inside braces [readability-braces-around-statements]
        if (axis_stokes.first != 2) // invalid axis
                                   ^
                                    {
/home/adrianna/repos/carta-backend/Region/RegionProfiler.cc:86:51: warning: statement should be inside braces [readability-braces-around-statements]
        if (axis_stokes.second > (num_stokes - 1)) // invalid stokes
                                                  ^
                                                   {
/home/adrianna/repos/carta-backend/Region/RegionProfiler.cc:109:50: warning: statement should be inside braces [readability-braces-around-statements]
    if (profile_index < _spectral_configs.size())
                                                 ^
                                                  {
/home/adrianna/repos/carta-backend/Region/RegionProfiler.cc:111:5: warning: do not use 'else' after 'return' [readability-else-after-return]
    else
    ^~~~
/home/adrianna/repos/carta-backend/Region/RegionProfiler.cc:111:9: warning: statement should be inside braces [readability-braces-around-statements]
    else
        ^
         {
/home/adrianna/repos/carta-backend/Region/RegionProfiler.h:23:10: warning: function 'carta::RegionProfiler::SetSpectralRequirements' has a definition with different parameter names [readability-inconsistent-declaration-parameter-name]
    bool SetSpectralRequirements(const std::vector<CARTA::SetSpectralRequirements_SpectralConfig>& profiles, const int num_stokes);
         ^                                                                                         ~~~~~~~~~
                                                                                                   configs
/home/adrianna/repos/carta-backend/Region/RegionProfiler.cc:74:22: note: the definition seen here
bool RegionProfiler::SetSpectralRequirements(
                     ^
/home/adrianna/repos/carta-backend/Region/RegionProfiler.h:23:10: note: differing parameters are named here: ('profiles'), in definition: ('configs')
    bool SetSpectralRequirements(const std::vector<CARTA::SetSpectralRequirements_SpectralConfig>& profiles, const int num_stokes);
         ^
Suppressed 10237 warnings (10236 in non-user code, 1 NOLINT).
Use -header-filter=.* to display errors from all non-system headers. Use -system-headers to display errors from system headers as well.
27513 warnings generated.
/home/adrianna/repos/carta-backend/Region/Region.cc:70:20: warning: statement should be inside braces [readability-braces-around-statements]
    if (points_set)
                   ^
                    {
/home/adrianna/repos/carta-backend/Region/Region.cc:75:38: warning: statement should be inside braces [readability-braces-around-statements]
    if (_xy_region_changed && _stats)
                                     ^
                                      {
/home/adrianna/repos/carta-backend/Region/Region.cc:154:31: warning: statement should be inside braces [readability-braces-around-statements]
    for (auto& point : points)
                              ^
                               {
/home/adrianna/repos/carta-backend/Region/Region.cc:179:63: warning: statement should be inside braces [readability-braces-around-statements]
    if (!IsValid() || (_xy_region == nullptr) || (stokes < 0))
                                                              ^
                                                               {
/home/adrianna/repos/carta-backend/Region/Region.cc:244:61: warning: statement should be inside braces [readability-braces-around-statements]
        if (!_coord_sys.toWorld(world_coords, pixel_coords))
                                                            ^
                                                             {
/home/adrianna/repos/carta-backend/Region/Region.cc:318:75: warning: statement should be inside braces [readability-braces-around-statements]
        if (!_coord_sys.toWorldMany(world_coords, pixel_coords, failures))
                                                                          ^
                                                                           {
/home/adrianna/repos/carta-backend/Region/Region.cc:352:61: warning: statement should be inside braces [readability-braces-around-statements]
        if (!_coord_sys.toWorld(world_coords, pixel_coords))
                                                            ^
                                                             {
/home/adrianna/repos/carta-backend/Region/Region.cc:391:23: warning: statement should be inside braces [readability-braces-around-statements]
    if (_num_dims < 3)
                      ^
                       {
/home/adrianna/repos/carta-backend/Region/Region.cc:414:129: warning: statement should be inside braces [readability-braces-around-statements]
        if (!(_coord_sys.toWorld(blc_world_coords, blc_pixel_coords) && _coord_sys.toWorld(trc_world_coords, trc_pixel_coords)))
                                                                                                                                ^
                                                                                                                                 {
/home/adrianna/repos/carta-backend/Region/Region.cc:454:57: warning: statement should be inside braces [readability-braces-around-statements]
        if (!MakeExtensionBox(ext_box, stokes, channel))
                                                        ^
                                                         {
/home/adrianna/repos/carta-backend/Region/Region.cc:470:31: warning: statement should be inside braces [readability-braces-around-statements]
        if (region != nullptr)
                              ^
                               {
/home/adrianna/repos/carta-backend/Region/Region.cc:481:40: warning: statement should be inside braces [readability-braces-around-statements]
        if (extended_region != nullptr)
                                       ^
                                        {
/home/adrianna/repos/carta-backend/Region/Region.cc:518:5: warning: 'if' statement is unnecessary; deleting null pointer has no effect [readability-delete-null-pointer]
    if (_xy_mask) {
    ^~~~~~~~~~~~~~~
/home/adrianna/repos/carta-backend/Region/Region.cc:533:29: warning: statement should be inside braces [readability-braces-around-statements]
    if (image_shape.empty())
                            ^
                             {
/home/adrianna/repos/carta-backend/Region/Region.h:82:10: warning: function 'carta::Region::SetSpectralRequirements' has a definition with different parameter names [readability-inconsistent-declaration-parameter-name]
    bool SetSpectralRequirements(const std::vector<CARTA::SetSpectralRequirements_SpectralConfig>& profiles, const int num_stokes);
         ^                                                                                         ~~~~~~~~~
                                                                                                   configs
/home/adrianna/repos/carta-backend/Region/Region.cc:627:14: note: the definition seen here
bool Region::SetSpectralRequirements(const std::vector<CARTA::SetSpectralRequirements_SpectralConfig>& configs, const int num_stokes) {
             ^
/home/adrianna/repos/carta-backend/Region/Region.h:82:10: note: differing parameters are named here: ('profiles'), in definition: ('configs')
    bool SetSpectralRequirements(const std::vector<CARTA::SetSpectralRequirements_SpectralConfig>& profiles, const int num_stokes);
         ^
Suppressed 27499 warnings (27498 in non-user code, 1 NOLINT).
Use -header-filter=.* to display errors from all non-system headers. Use -system-headers to display errors from system headers as well.
9301 warnings generated.
/home/adrianna/repos/carta-backend/Region/Histogram.cc:13:46: warning: all parameters should be named in a function [readability-named-parameter]
Histogram::Histogram(Histogram& h, tbb::split) : _bin_width(h._bin_width), _min_val(h._min_val), _hist(h._hist.size(), 0), _data(h._data) {}
                                             ^
                                              /*unused*/
/home/adrianna/repos/carta-backend/Region/Histogram.cc:19:44: warning: statement should be inside braces [readability-braces-around-statements]
        if (std::isnan(v) || std::isinf(v))
                                           ^
                                            {
Suppressed 9301 warnings (9299 in non-user code, 2 NOLINT).
Use -header-filter=.* to display errors from all non-system headers. Use -system-headers to display errors from system headers as well.
28352 warnings generated.
/home/adrianna/repos/carta-backend/Region/RegionStats.cc:47:50: warning: statement should be inside braces [readability-braces-around-statements]
    if (histogram_index < _histogram_reqs.size())
                                                 ^
                                                  {
/home/adrianna/repos/carta-backend/Region/RegionStats.cc:107:28: warning: statement should be inside braces [readability-braces-around-statements]
    if (!_histograms_valid)
                           ^
                            {
/home/adrianna/repos/carta-backend/Region/RegionStats.cc:179:31: warning: statement should be inside braces [readability-braces-around-statements]
            if (!_stats_valid)
                              ^
                               {
/home/adrianna/repos/carta-backend/Region/RegionStats.cc:214:31: warning: statement should be inside braces [readability-braces-around-statements]
    if (image.shape().empty()) // outside image or all masked (NaN)
                              ^
                               {
/home/adrianna/repos/carta-backend/Region/RegionStats.cc:226:48: warning: statement should be inside braces [readability-braces-around-statements]
        if (!image_stats.setAxes(display_axes))
                                               ^
                                                {
/home/adrianna/repos/carta-backend/Region/RegionStats.cc:284:70: warning: statement should be inside braces [readability-braces-around-statements]
                    if (carta_stats_type == CARTA::StatsType::MinPos)
                                                                     ^
                                                                      {
/home/adrianna/repos/carta-backend/Region/RegionStats.cc:286:25: warning: statement should be inside braces [readability-braces-around-statements]
                    else // MaxPos
                        ^
                         {
/home/adrianna/repos/carta-backend/Region/RegionStats.cc:299:44: warning: statement should be inside braces [readability-braces-around-statements]
                    if (num_points.empty())
                                           ^
                                            {
Suppressed 28348 warnings (28344 in non-user code, 4 NOLINT).
Use -header-filter=.* to display errors from all non-system headers. Use -system-headers to display errors from system headers as well.
12241 warnings generated.
/home/adrianna/repos/carta-backend/Util.cc:26:15: warning: do not use 'else' after 'continue' [readability-else-after-return]
            } else if (regex_match(line, matches, folder_regex) && matches.size() == 2) {
              ^~~~~~~~
/home/adrianna/repos/carta-backend/Util.cc:44:24: warning: statement should be inside braces [readability-braces-around-statements]
    if (root == "base")
                       ^
                        {
/home/adrianna/repos/carta-backend/Util.cc:46:24: warning: statement should be inside braces [readability-braces-around-statements]
    if (base == "root")
                       ^
                        {
/home/adrianna/repos/carta-backend/Util.cc:65:26: warning: statement should be inside braces [readability-braces-around-statements]
        if (root.empty())
                         ^
                          {
/home/adrianna/repos/carta-backend/Util.cc:84:26: warning: statement should be inside braces [readability-braces-around-statements]
        if (base.empty())
                         ^
                          {
/home/adrianna/repos/carta-backend/Util.cc:92:42: warning: statement should be inside braces [readability-braces-around-statements]
        if (parent_string == root_string)
                                         ^
                                          {
Suppressed 12235 warnings (12235 in non-user code).
Use -header-filter=.* to display errors from all non-system headers. Use -system-headers to display errors from system headers as well.
17545 warnings generated.
/home/adrianna/repos/carta-backend/FileListHandler.cc:27:7: warning: do not use 'else' after 'return' [readability-else-after-return]
    } else {
      ^~~~~~
/home/adrianna/repos/carta-backend/FileListHandler.cc:32:52: warning: statement should be inside braces [readability-braces-around-statements]
    if (folder.empty() || folder.compare(".") == 0)
                                                   ^
                                                    {
/home/adrianna/repos/carta-backend/FileListHandler.cc:55:35: warning: statement should be inside braces [readability-braces-around-statements]
        if (folder.front() == '/')
                                  ^
                                   {
/home/adrianna/repos/carta-backend/FileListHandler.cc:58:24: warning: statement should be inside braces [readability-braces-around-statements]
    if (folder.empty())
                       ^
                        {
/home/adrianna/repos/carta-backend/FileListHandler.cc:105:128: warning: statement should be inside braces [readability-braces-around-statements]
                            if ((image_type == casacore::ImageOpener::AIPSPP) || (image_type == casacore::ImageOpener::MIRIAD))
                                                                                                                               ^
                                                                                                                                {
/home/adrianna/repos/carta-backend/FileListHandler.cc:111:85: warning: statement should be inside braces [readability-braces-around-statements]
                                if (CheckPermissionForDirectory(path_name_relative))
                                                                                    ^
                                                                                     {
/home/adrianna/repos/carta-backend/FileListHandler.cc:120:124: warning: statement should be inside braces [readability-braces-around-statements]
                            if ((image_type == casacore::ImageOpener::FITS) || (image_type == casacore::ImageOpener::HDF5))
                                                                                                                           ^
                                                                                                                            {
/home/adrianna/repos/carta-backend/FileListHandler.cc:168:7: warning: do not use 'else' after 'return' [readability-else-after-return]
    } else {
      ^~~~~~
/home/adrianna/repos/carta-backend/FileListHandler.cc:184:15: warning: do not use 'else' after 'return' [readability-else-after-return]
            } else {
              ^~~~~~
Suppressed 17537 warnings (17536 in non-user code, 1 NOLINT).
Use -header-filter=.* to display errors from all non-system headers. Use -system-headers to display errors from system headers as well.
34781 warnings generated.
/home/adrianna/repos/carta-backend/OnMessageTask.cc:64:73: warning: statement should be inside braces [readability-braces-around-statements]
    if (!(tester = _session->_set_channel_queue.try_pop(_request_pair)))
                                                                        ^
                                                                         {
Suppressed 34781 warnings (34780 in non-user code, 1 NOLINT).
Use -header-filter=.* to display errors from all non-system headers. Use -system-headers to display errors from system headers as well.
34832 warnings generated.
Suppressed 34833 warnings (34832 in non-user code, 1 NOLINT).
Use -header-filter=.* to display errors from all non-system headers. Use -system-headers to display errors from system headers as well.
clang-tidy-6.0 -header-filter=^build/.* -p=build /home/adrianna/repos/carta-backend/Main.cc
clang-tidy-6.0 -header-filter=^build/.* -p=build /home/adrianna/repos/carta-backend/Session.cc
clang-tidy-6.0 -header-filter=^build/.* -p=build /home/adrianna/repos/carta-backend/Frame.cc
clang-tidy-6.0 -header-filter=^build/.* -p=build /home/adrianna/repos/carta-backend/Compression.cc
clang-tidy-6.0 -header-filter=^build/.* -p=build /home/adrianna/repos/carta-backend/ImageData/Hdf5Attributes.cc
clang-tidy-6.0 -header-filter=^build/.* -p=build /home/adrianna/repos/carta-backend/ImageData/FileLoader.cc
clang-tidy-6.0 -header-filter=^build/.* -p=build /home/adrianna/repos/carta-backend/ImageData/CartaHdf5Image.cc
clang-tidy-6.0 -header-filter=^build/.* -p=build /home/adrianna/repos/carta-backend/FileInfoLoader.cc
clang-tidy-6.0 -header-filter=^build/.* -p=build /home/adrianna/repos/carta-backend/Region/Region.cc
clang-tidy-6.0 -header-filter=^build/.* -p=build /home/adrianna/repos/carta-backend/Region/RegionStats.cc
clang-tidy-6.0 -header-filter=^build/.* -p=build /home/adrianna/repos/carta-backend/Region/RegionProfiler.cc
clang-tidy-6.0 -header-filter=^build/.* -p=build /home/adrianna/repos/carta-backend/Region/Histogram.cc
clang-tidy-6.0 -header-filter=^build/.* -p=build /home/adrianna/repos/carta-backend/OnMessageTask.cc
clang-tidy-6.0 -header-filter=^build/.* -p=build /home/adrianna/repos/carta-backend/FileSettings.cc
clang-tidy-6.0 -header-filter=^build/.* -p=build /home/adrianna/repos/carta-backend/Util.cc
clang-tidy-6.0 -header-filter=^build/.* -p=build /home/adrianna/repos/carta-backend/FileListHandler.cc
